<?xml version="1.0" encoding="UTF-8"?>
<!-- Generated by org.testng.reporters.JUnitReportReporter -->
<testsuite hostname="EPPLKRAW047A" failures="0" tests="4" name="api.tests.DDTests" time="4.659" errors="0" timestamp="2023-04-04T16:38:04 CEST" skipped="0">
  <testcase classname="api.tests.DDTests" name="testPostUser" time="0.723"/>
  <system-out/>
  <testcase classname="api.tests.DDTests" name="testPostUser" time="2.466"/>
  <system-out/>
  <testcase classname="api.tests.DDTests" name="testDeleteUser" time="0.762"/>
  <system-out/>
  <testcase classname="api.tests.DDTests" name="testDeleteUser" time="0.708"/>
  <system-out/>
</testsuite> <!-- api.tests.DDTests -->
