<?xml version="1.0" encoding="UTF-8"?>
<!-- Generated by org.testng.reporters.JUnitReportReporter -->
<testsuite hostname="EPPLKRAW047A" failures="0" tests="4" name="api.tests.UserTests" time="2.842" errors="0" timestamp="2023-04-04T16:38:04 CEST" skipped="0">
  <testcase classname="api.tests.UserTests" name="testPostUser" time="0.721"/>
  <system-out/>
  <testcase classname="api.tests.UserTests" name="testGetUser" time="0.703"/>
  <system-out/>
  <testcase classname="api.tests.UserTests" name="testUpdateUser" time="0.706"/>
  <system-out/>
  <testcase classname="api.tests.UserTests" name="testDeleteUser" time="0.712"/>
  <system-out/>
</testsuite> <!-- api.tests.UserTests -->
